<?xml version="1.0" encoding="UTF-8"?>
<!-- Generated by org.testng.reporters.JUnitXMLReporter -->
<testsuite ignored="5" hostname="DESKTOP-UG42IG5" failures="4" tests="6" name="Rest assured api TEST" time="12.2" errors="0" timestamp="2024-12-06T18:11:27 IST">
  <testcase classname="com.api.createAccount.OTPVerification" name="otpVerification" time="3.867">
    <failure type="java.lang.AssertionError" message="expected [200] but found [500]">
      <![CDATA[java.lang.AssertionError: expected [200] but found [500]
at com.api.createAccount.OTPVerification.otpVerification(OTPVerification.java:44)
at java.base/java.util.ArrayList.forEach(ArrayList.java:1511)
... Removed 33 stack frames]]>
    </failure>
  </testcase> <!-- otpVerification -->
  <testcase classname="com.api.identitymanagement.AuthenticateUser" name="authenticateUserwithValidEmail" time="0.925">
    <failure type="java.lang.AssertionError" message="expected [200] but found [404]">
      <![CDATA[java.lang.AssertionError: expected [200] but found [404]
at com.api.identitymanagement.AuthenticateUser.authenticateUserwithValidEmail(AuthenticateUser.java:47)
at java.base/java.util.ArrayList.forEach(ArrayList.java:1511)
... Removed 33 stack frames]]>
    </failure>
  </testcase> <!-- authenticateUserwithValidEmail -->
  <testcase classname="com.api.createAccount.UserRegisteration" name="newUserRegister" time="5.446"/>
  <testcase classname="com.api.identitymanagement.AuthorizeUser" name="authorizeUser" time="0.011">
    <failure type="java.lang.IllegalArgumentException" message="cookies cannot be null">
      <![CDATA[java.lang.IllegalArgumentException: cookies cannot be null
at org.codehaus.groovy.runtime.callsite.ConstructorSite$ConstructorSiteNoUnwrap.callConstructor(ConstructorSite.java:84)
at org.codehaus.groovy.runtime.callsite.CallSiteArray.defaultCallConstructor(CallSiteArray.java:59)
at org.codehaus.groovy.runtime.callsite.AbstractCallSite.callConstructor(AbstractCallSite.java:263)
at org.codehaus.groovy.runtime.callsite.AbstractCallSite.callConstructor(AbstractCallSite.java:277)
at io.restassured.internal.common.assertion.AssertParameter.notNull(AssertParameter.groovy:26)
at io.restassured.internal.common.assertion.AssertParameter$notNull.callStatic(Unknown Source)
at org.codehaus.groovy.runtime.callsite.CallSiteArray.defaultCallStatic(CallSiteArray.java:55)
at org.codehaus.groovy.runtime.callsite.AbstractCallSite.callStatic(AbstractCallSite.java:217)
at org.codehaus.groovy.runtime.callsite.AbstractCallSite.callStatic(AbstractCallSite.java:240)
at io.restassured.internal.RequestSpecificationImpl.cookies(RequestSpecificationImpl.groovy:893)
at com.api.identitymanagement.AuthorizeUser.authorizeUser(AuthorizeUser.java:30)
at java.base/java.util.ArrayList.forEach(ArrayList.java:1511)
... Removed 34 stack frames]]>
    </failure>
  </testcase> <!-- authorizeUser -->
  <testcase classname="com.api.createAccount.UserRegisterwithExistingUser" name="existingUserRegister" time="0.769"/>
  <testcase classname="com.api.identitymanagement.LogoutUser" name="logoutUser" time="0.001">
    <failure type="java.lang.IllegalArgumentException" message="cookies cannot be null">
      <![CDATA[java.lang.IllegalArgumentException: cookies cannot be null
at org.codehaus.groovy.runtime.callsite.ConstructorSite$ConstructorSiteNoUnwrap.callConstructor(ConstructorSite.java:84)
at org.codehaus.groovy.runtime.callsite.AbstractCallSite.callConstructor(AbstractCallSite.java:277)
at io.restassured.internal.common.assertion.AssertParameter.notNull(AssertParameter.groovy:26)
at io.restassured.internal.common.assertion.AssertParameter$notNull.callStatic(Unknown Source)
at io.restassured.internal.RequestSpecificationImpl.cookies(RequestSpecificationImpl.groovy:893)
at com.api.identitymanagement.LogoutUser.logoutUser(LogoutUser.java:25)
at java.base/java.util.ArrayList.forEach(ArrayList.java:1511)
... Removed 34 stack frames]]>
    </failure>
  </testcase> <!-- logoutUser -->
  <testcase classname="com.api.TestBase" name="@BeforeSuite initialSetUp" time="0.0">
    <ignored/>
  </testcase> <!-- @BeforeSuite initialSetUp -->
  <testcase classname="com.api.TestBase" name="@BeforeSuite initialSetUp" time="0.0">
    <ignored/>
  </testcase> <!-- @BeforeSuite initialSetUp -->
  <testcase classname="com.api.TestBase" name="@BeforeSuite initialSetUp" time="0.0">
    <ignored/>
  </testcase> <!-- @BeforeSuite initialSetUp -->
  <testcase classname="com.api.TestBase" name="@BeforeSuite initialSetUp" time="0.0">
    <ignored/>
  </testcase> <!-- @BeforeSuite initialSetUp -->
  <testcase classname="com.api.TestBase" name="@BeforeSuite initialSetUp" time="0.0">
    <ignored/>
  </testcase> <!-- @BeforeSuite initialSetUp -->
</testsuite> <!-- Rest assured api TEST -->
